<?xml version="1.0" encoding="utf-8"?><testsuites name="pytest tests"><testsuite name="pytest" errors="0" failures="0" skipped="0" tests="10" time="20.709" timestamp="2026-06-26T11:42:19.275141+00:00" hostname="agent-env-3ac8922d-c9b9-41ab-a68a-de182d1dcd10"><testcase classname="tests.test_concierge_api.TestOrders" name="test_create_order" time="1.685" /><testcase classname="tests.test_concierge_api.TestAI" name="test_chat_returns_reply" time="6.258" /><testcase classname="tests.test_concierge_api.TestOrders" name="test_get_order_by_number" time="0.053" /><testcase classname="tests.test_concierge_api.TestOrders" name="test_advance_status" time="0.130" /><testcase classname="tests.test_concierge_api.TestOrders" name="test_get_missing_order_404" time="0.046" /><testcase classname="tests.test_concierge_api.TestSourcing" name="test_create_sourcing" time="0.053" /><testcase classname="tests.test_concierge_api.TestSourcing" name="test_list_sourcing_contains_created" time="0.043" /><testcase classname="tests.test_concierge_api.TestHealth" name="test_root_returns_ok" time="0.044" /><testcase classname="tests.test_concierge_api.TestAI" name="test_find_it_for_me" time="6.753" /><testcase classname="tests.test_concierge_api.TestAI" name="test_product_description" time="6.739" /></testsuite></testsuites>